<?xml version="1.0" encoding="UTF-8"?>
<!-- Generated by org.testng.reporters.JUnitReportReporter -->
<testsuite skipped="0" hostname="Lenovo-PC" name="TestNG.ProjTestNG" tests="2" failures="0" timestamp="25 Nov 2019 11:27:21 GMT" time="44.649" errors="0">
  <testcase name="verifytext" time="17.653" classname="TestNG.ProjTestNG"/>
  <testcase name="verifytitle" time="26.996" classname="TestNG.ProjTestNG"/>
</testsuite> <!-- TestNG.ProjTestNG -->
